2025-07-16 14:52:38,595 [INFO] org.studyeasy.SpringBlog.SpringBlogApplication [restartedMain] Starting SpringBlogApplication using Java 17.0.14 with PID 43748 (/Users/lakshmidhatrigangavarapu/Desktop/JAVA FULL STACK DEVELOPMENT/SpringStarter1/target/classes started by lakshmidhatrigangavarapu in /Users/lakshmidhatrigangavarapu/Desktop/JAVA FULL STACK DEVELOPMENT/SpringStarter1)
2025-07-16 14:52:38,599 [DEBUG] org.studyeasy.SpringBlog.SpringBlogApplication [restartedMain] Running with Spring Boot v3.5.3, Spring v6.2.8
2025-07-16 14:52:38,599 [INFO] org.studyeasy.SpringBlog.SpringBlogApplication [restartedMain] No active profile set, falling back to 1 default profile: "default"
2025-07-16 14:52:38,625 [INFO] org.springframework.boot.devtools.env.DevToolsPropertyDefaultsPostProcessor [restartedMain] Devtools property defaults active! Set 'spring.devtools.add-properties' to 'false' to disable
2025-07-16 14:52:38,625 [INFO] org.springframework.boot.devtools.env.DevToolsPropertyDefaultsPostProcessor [restartedMain] For additional web related logging consider setting the 'logging.level.web' property to 'DEBUG'
2025-07-16 14:52:39,009 [INFO] org.springframework.data.repository.config.RepositoryConfigurationDelegate [restartedMain] Bootstrapping Spring Data JPA repositories in DEFAULT mode.
2025-07-16 14:52:39,038 [INFO] org.springframework.data.repository.config.RepositoryConfigurationDelegate [restartedMain] Finished Spring Data repository scanning in 25 ms. Found 3 JPA repository interfaces.
2025-07-16 14:52:39,410 [INFO] org.springframework.boot.web.embedded.tomcat.TomcatWebServer [restartedMain] Tomcat initialized with port 8080 (http)
2025-07-16 14:52:39,420 [INFO] org.apache.catalina.core.StandardService [restartedMain] Starting service [Tomcat]
2025-07-16 14:52:39,421 [INFO] org.apache.catalina.core.StandardEngine [restartedMain] Starting Servlet engine: [Apache Tomcat/10.1.42]
2025-07-16 14:52:39,443 [INFO] org.apache.catalina.core.ContainerBase.[Tomcat].[localhost].[/] [restartedMain] Initializing Spring embedded WebApplicationContext
2025-07-16 14:52:39,444 [INFO] org.springframework.boot.web.servlet.context.ServletWebServerApplicationContext [restartedMain] Root WebApplicationContext: initialization completed in 818 ms
2025-07-16 14:52:39,552 [INFO] org.hibernate.jpa.internal.util.LogHelper [restartedMain] HHH000204: Processing PersistenceUnitInfo [name: default]
2025-07-16 14:52:39,603 [INFO] org.hibernate.Version [restartedMain] HHH000412: Hibernate ORM core version 6.6.18.Final
2025-07-16 14:52:39,617 [INFO] org.hibernate.cache.internal.RegionFactoryInitiator [restartedMain] HHH000026: Second-level cache disabled
2025-07-16 14:52:39,791 [INFO] org.springframework.orm.jpa.persistenceunit.SpringPersistenceUnitInfo [restartedMain] No LoadTimeWeaver setup: ignoring JPA class transformer
2025-07-16 14:52:39,806 [INFO] com.zaxxer.hikari.HikariDataSource [restartedMain] HikariPool-1 - Starting...
2025-07-16 14:52:39,918 [INFO] com.zaxxer.hikari.pool.HikariPool [restartedMain] HikariPool-1 - Added connection conn0: url=jdbc:h2:file:./db/blogdb user=ADMIN
2025-07-16 14:52:39,919 [INFO] com.zaxxer.hikari.HikariDataSource [restartedMain] HikariPool-1 - Start completed.
2025-07-16 14:52:39,930 [WARN] org.hibernate.orm.deprecation [restartedMain] HHH90000025: H2Dialect does not need to be specified explicitly using 'hibernate.dialect' (remove the property setting and it will be selected by default)
2025-07-16 14:52:39,941 [INFO] org.hibernate.orm.connections.pooling [restartedMain] HHH10001005: Database info:
	Database JDBC URL [Connecting through datasource 'HikariDataSource (HikariPool-1)']
	Database driver: undefined/unknown
	Database version: 2.3.232
	Autocommit mode: undefined/unknown
	Isolation level: undefined/unknown
	Minimum pool size: undefined/unknown
	Maximum pool size: undefined/unknown
2025-07-16 14:52:40,384 [INFO] org.hibernate.engine.transaction.jta.platform.internal.JtaPlatformInitiator [restartedMain] HHH000489: No JTA platform available (set 'hibernate.transaction.jta.platform' to enable JTA platform integration)
2025-07-16 14:52:40,404 [INFO] org.springframework.orm.jpa.LocalContainerEntityManagerFactoryBean [restartedMain] Initialized JPA EntityManagerFactory for persistence unit 'default'
2025-07-16 14:52:40,610 [WARN] org.springframework.boot.autoconfigure.orm.jpa.JpaBaseConfiguration$JpaWebConfiguration [restartedMain] spring.jpa.open-in-view is enabled by default. Therefore, database queries may be performed during view rendering. Explicitly configure spring.jpa.open-in-view to disable this warning
2025-07-16 14:52:40,745 [INFO] org.springframework.security.config.annotation.authentication.configuration.InitializeUserDetailsBeanManagerConfigurer$InitializeUserDetailsManagerConfigurer [restartedMain] Global AuthenticationManager configured with UserDetailsService bean with name accountService
2025-07-16 14:52:40,909 [INFO] org.springframework.boot.autoconfigure.h2.H2ConsoleAutoConfiguration [restartedMain] H2 console available at '/db-console'. Database available at 'jdbc:h2:file:./db/blogdb'
2025-07-16 14:52:40,956 [INFO] org.springframework.boot.devtools.autoconfigure.OptionalLiveReloadServer [restartedMain] LiveReload server is running on port 35729
2025-07-16 14:52:40,974 [INFO] org.springframework.boot.web.embedded.tomcat.TomcatWebServer [restartedMain] Tomcat started on port 8080 (http) with context path '/'
2025-07-16 14:52:40,980 [INFO] org.studyeasy.SpringBlog.SpringBlogApplication [restartedMain] Started SpringBlogApplication in 2.624 seconds (process running for 2.929)
2025-07-16 14:52:51,624 [INFO] org.apache.catalina.core.ContainerBase.[Tomcat].[localhost].[/] [http-nio-8080-exec-1] Initializing Spring DispatcherServlet 'dispatcherServlet'
2025-07-16 14:52:51,624 [INFO] org.springframework.web.servlet.DispatcherServlet [http-nio-8080-exec-1] Initializing Servlet 'dispatcherServlet'
2025-07-16 14:52:51,625 [INFO] org.springframework.web.servlet.DispatcherServlet [http-nio-8080-exec-1] Completed initialization in 1 ms
2025-07-16 14:52:51,749 [WARN] org.thymeleaf.standard.processor.AbstractStandardFragmentInsertionTagProcessor [http-nio-8080-exec-1] [THYMELEAF][http-nio-8080-exec-1][home_views/home] Deprecated unwrapped fragment expression "/fragments/head :: head" found in template home_views/home, line 4, col 9. Please use the complete syntax of fragment expressions instead ("~{/fragments/head :: head}"). The old, unwrapped syntax for fragment expressions will be removed in future versions of Thymeleaf.
2025-07-16 14:52:51,801 [WARN] org.thymeleaf.standard.processor.AbstractStandardFragmentInsertionTagProcessor [http-nio-8080-exec-1] [THYMELEAF][http-nio-8080-exec-1][home_views/home] Deprecated unwrapped fragment expression "/fragments/header :: header" found in template home_views/home, line 12, col 13. Please use the complete syntax of fragment expressions instead ("~{/fragments/header :: header}"). The old, unwrapped syntax for fragment expressions will be removed in future versions of Thymeleaf.
2025-07-16 14:52:51,832 [WARN] org.thymeleaf.standard.processor.AbstractStandardFragmentInsertionTagProcessor [http-nio-8080-exec-1] [THYMELEAF][http-nio-8080-exec-1][home_views/home] Deprecated unwrapped fragment expression "/fragments/footer :: footer" found in template home_views/home, line 78, col 11. Please use the complete syntax of fragment expressions instead ("~{/fragments/footer :: footer}"). The old, unwrapped syntax for fragment expressions will be removed in future versions of Thymeleaf.
2025-07-16 14:52:52,225 [WARN] org.thymeleaf.standard.processor.AbstractStandardFragmentInsertionTagProcessor [http-nio-8080-exec-1] [THYMELEAF][http-nio-8080-exec-1][home_views/home] Deprecated unwrapped fragment expression "/fragments/head :: head" found in template home_views/home, line 4, col 9. Please use the complete syntax of fragment expressions instead ("~{/fragments/head :: head}"). The old, unwrapped syntax for fragment expressions will be removed in future versions of Thymeleaf.
2025-07-16 14:52:52,227 [WARN] org.thymeleaf.standard.processor.AbstractStandardFragmentInsertionTagProcessor [http-nio-8080-exec-1] [THYMELEAF][http-nio-8080-exec-1][home_views/home] Deprecated unwrapped fragment expression "/fragments/header :: header" found in template home_views/home, line 12, col 13. Please use the complete syntax of fragment expressions instead ("~{/fragments/header :: header}"). The old, unwrapped syntax for fragment expressions will be removed in future versions of Thymeleaf.
2025-07-16 14:52:52,235 [WARN] org.thymeleaf.standard.processor.AbstractStandardFragmentInsertionTagProcessor [http-nio-8080-exec-1] [THYMELEAF][http-nio-8080-exec-1][home_views/home] Deprecated unwrapped fragment expression "/fragments/footer :: footer" found in template home_views/home, line 78, col 11. Please use the complete syntax of fragment expressions instead ("~{/fragments/footer :: footer}"). The old, unwrapped syntax for fragment expressions will be removed in future versions of Thymeleaf.
